running develop
running egg_info
creating mecanum_control.egg-info
writing mecanum_control.egg-info/PKG-INFO
writing dependency_links to mecanum_control.egg-info/dependency_links.txt
writing entry points to mecanum_control.egg-info/entry_points.txt
writing requirements to mecanum_control.egg-info/requires.txt
writing top-level names to mecanum_control.egg-info/top_level.txt
writing manifest file 'mecanum_control.egg-info/SOURCES.txt'
reading manifest file 'mecanum_control.egg-info/SOURCES.txt'
writing manifest file 'mecanum_control.egg-info/SOURCES.txt'
running build_ext
Creating /home/matrice1/ros2_foxy_v2/install/mecanum_control/lib/python3.8/site-packages/site.py
Creating /home/matrice1/ros2_foxy_v2/install/mecanum_control/lib/python3.8/site-packages/mecanum-control.egg-link (link to .)
Installing keyboard_control script to /home/matrice1/ros2_foxy_v2/install/mecanum_control/lib/mecanum_control
Installing mecanum_kinematics script to /home/matrice1/ros2_foxy_v2/install/mecanum_control/lib/mecanum_control
Installing teensy_comm script to /home/matrice1/ros2_foxy_v2/install/mecanum_control/lib/mecanum_control
Installing teensy_odometrija script to /home/matrice1/ros2_foxy_v2/install/mecanum_control/lib/mecanum_control

Installed /home/matrice1/ros2_foxy_v2/build/mecanum_control
running symlink_data
creating /home/matrice1/ros2_foxy_v2/install/mecanum_control/share/ament_index
creating /home/matrice1/ros2_foxy_v2/install/mecanum_control/share/ament_index/resource_index
creating /home/matrice1/ros2_foxy_v2/install/mecanum_control/share/ament_index/resource_index/packages
symbolically linking /home/matrice1/ros2_foxy_v2/build/mecanum_control/resource/mecanum_control -> /home/matrice1/ros2_foxy_v2/install/mecanum_control/share/ament_index/resource_index/packages
symbolically linking /home/matrice1/ros2_foxy_v2/build/mecanum_control/package.xml -> /home/matrice1/ros2_foxy_v2/install/mecanum_control/share/mecanum_control
