[3.543s] Invoking command in '/home/matrice1/ros2_foxy_v2/build/mecanum_control': PYTHONPATH=/home/matrice1/ros2_foxy_v2/build/mecanum_control/prefix_override:/usr/lib/python3/dist-packages/colcon_core/task/python/colcon_distutils_commands:/home/matrice1/ros2_foxy_v2/install/mecanum_control/lib/python3.8/site-packages:${PYTHONPATH} /usr/bin/python3 -W ignore:setup.py install is deprecated -W ignore:easy_install command is deprecated setup.py develop --editable --build-directory /home/matrice1/ros2_foxy_v2/build/mecanum_control/build --no-deps symlink_data
[4.798s] running develop
[5.503s] running egg_info
[5.504s] creating mecanum_control.egg-info
[5.505s] writing mecanum_control.egg-info/PKG-INFO
[5.505s] writing dependency_links to mecanum_control.egg-info/dependency_links.txt
[5.506s] writing entry points to mecanum_control.egg-info/entry_points.txt
[5.507s] writing requirements to mecanum_control.egg-info/requires.txt
[5.507s] writing top-level names to mecanum_control.egg-info/top_level.txt
[5.516s] writing manifest file 'mecanum_control.egg-info/SOURCES.txt'
[5.685s] reading manifest file 'mecanum_control.egg-info/SOURCES.txt'
[5.689s] writing manifest file 'mecanum_control.egg-info/SOURCES.txt'
[5.898s] running build_ext
[5.901s] Creating /home/matrice1/ros2_foxy_v2/install/mecanum_control/lib/python3.8/site-packages/site.py
[5.913s] Creating /home/matrice1/ros2_foxy_v2/install/mecanum_control/lib/python3.8/site-packages/mecanum-control.egg-link (link to .)
[5.919s] Installing keyboard_control script to /home/matrice1/ros2_foxy_v2/install/mecanum_control/lib/mecanum_control
[5.919s] Installing mecanum_kinematics script to /home/matrice1/ros2_foxy_v2/install/mecanum_control/lib/mecanum_control
[5.920s] Installing teensy_comm script to /home/matrice1/ros2_foxy_v2/install/mecanum_control/lib/mecanum_control
[5.921s] Installing teensy_odometrija script to /home/matrice1/ros2_foxy_v2/install/mecanum_control/lib/mecanum_control
[5.923s] 
[5.923s] Installed /home/matrice1/ros2_foxy_v2/build/mecanum_control
[5.924s] running symlink_data
[5.924s] creating /home/matrice1/ros2_foxy_v2/install/mecanum_control/share/ament_index
[5.925s] creating /home/matrice1/ros2_foxy_v2/install/mecanum_control/share/ament_index/resource_index
[5.925s] creating /home/matrice1/ros2_foxy_v2/install/mecanum_control/share/ament_index/resource_index/packages
[5.926s] symbolically linking /home/matrice1/ros2_foxy_v2/build/mecanum_control/resource/mecanum_control -> /home/matrice1/ros2_foxy_v2/install/mecanum_control/share/ament_index/resource_index/packages
[5.926s] symbolically linking /home/matrice1/ros2_foxy_v2/build/mecanum_control/package.xml -> /home/matrice1/ros2_foxy_v2/install/mecanum_control/share/mecanum_control
[6.052s] Invoked command in '/home/matrice1/ros2_foxy_v2/build/mecanum_control' returned '0': PYTHONPATH=/home/matrice1/ros2_foxy_v2/build/mecanum_control/prefix_override:/usr/lib/python3/dist-packages/colcon_core/task/python/colcon_distutils_commands:/home/matrice1/ros2_foxy_v2/install/mecanum_control/lib/python3.8/site-packages:${PYTHONPATH} /usr/bin/python3 -W ignore:setup.py install is deprecated -W ignore:easy_install command is deprecated setup.py develop --editable --build-directory /home/matrice1/ros2_foxy_v2/build/mecanum_control/build --no-deps symlink_data
